----------------------------------------
Timestamp: 9/17/2015 1:32:44 PM

Category: Global.asax  - Priority: -1 - Title:File does not exist.

Message: <SOURCE>System.Web</SOURCE><STACKTRACE>   at System.Web.StaticFileHandler.GetFileInfo(String virtualPathWithPathInfo, String physicalPath, HttpResponse response)
   at System.Web.StaticFileHandler.ProcessRequestInternal(HttpContext context, String overrideVirtualPath)
   at System.Web.DefaultHttpHandler.BeginProcessRequest(HttpContext context, AsyncCallback callback, Object state)
   at System.Web.HttpApplication.CallHandlerExecutionStep.System.Web.HttpApplication.IExecutionStep.Execute()
   at System.Web.HttpApplication.ExecuteStep(IExecutionStep step, Boolean& completedSynchronously)</STACKTRACE>


----------------------------------------
----------------------------------------
Timestamp: 9/17/2015 1:32:49 PM

Category: Global.asax  - Priority: -1 - Title:File does not exist.

Message: <SOURCE>System.Web</SOURCE><STACKTRACE>   at System.Web.StaticFileHandler.GetFileInfo(String virtualPathWithPathInfo, String physicalPath, HttpResponse response)
   at System.Web.StaticFileHandler.ProcessRequestInternal(HttpContext context, String overrideVirtualPath)
   at System.Web.DefaultHttpHandler.BeginProcessRequest(HttpContext context, AsyncCallback callback, Object state)
   at System.Web.HttpApplication.CallHandlerExecutionStep.System.Web.HttpApplication.IExecutionStep.Execute()
   at System.Web.HttpApplication.ExecuteStep(IExecutionStep step, Boolean& completedSynchronously)</STACKTRACE>


----------------------------------------
----------------------------------------
Timestamp: 9/17/2015 1:32:49 PM

Category: Global.asax  - Priority: -1 - Title:File does not exist.

Message: <SOURCE>System.Web</SOURCE><STACKTRACE>   at System.Web.StaticFileHandler.GetFileInfo(String virtualPathWithPathInfo, String physicalPath, HttpResponse response)
   at System.Web.StaticFileHandler.ProcessRequestInternal(HttpContext context, String overrideVirtualPath)
   at System.Web.DefaultHttpHandler.BeginProcessRequest(HttpContext context, AsyncCallback callback, Object state)
   at System.Web.HttpApplication.CallHandlerExecutionStep.System.Web.HttpApplication.IExecutionStep.Execute()
   at System.Web.HttpApplication.ExecuteStep(IExecutionStep step, Boolean& completedSynchronously)</STACKTRACE>


----------------------------------------
